<?xml version="1.0" encoding="UTF-8"?>
<!-- Generated by org.testng.reporters.JUnitReportReporter -->
<testsuite hostname="DESKTOP-14DE18T" failures="0" tests="1" name="test.SwagLabProductSearchPageTest" time="15.334" errors="0" timestamp="2023-11-08T20:36:25 IST" skipped="0">
  <testcase classname="test.SwagLabProductSearchPageTest" name="verifyingProductAddedToCart" time="15.334"/>
</testsuite> <!-- test.SwagLabProductSearchPageTest -->
