<?xml version="1.0" encoding="UTF-8"?>
<!-- Generated by org.testng.reporters.JUnitReportReporter -->
<testsuite hostname="DESKTOP-14DE18T" failures="0" tests="1" name="test.SwagLabAddToCartPageTest" time="37.520" errors="0" timestamp="2023-11-08T20:33:45 IST" skipped="0">
  <testcase classname="test.SwagLabAddToCartPageTest" name="verifyingProductRemovedFromCart" time="37.520"/>
</testsuite> <!-- test.SwagLabAddToCartPageTest -->
