<?xml version="1.0" encoding="UTF-8"?>
<!-- Generated by org.testng.reporters.JUnitReportReporter -->
<testsuite hostname="DESKTOP-14DE18T" failures="0" tests="6" name="test.SwagLabLoginPageTest" time="99.424" errors="0" timestamp="2023-11-08T20:35:48 IST" skipped="0">
  <testcase classname="test.SwagLabLoginPageTest" name="loginWithStandardUser" time="8.597"/>
  <testcase classname="test.SwagLabLoginPageTest" name="loginWithLockedOutUser" time="31.535"/>
  <testcase classname="test.SwagLabLoginPageTest" name="loginWithProblemUser" time="15.894"/>
  <testcase classname="test.SwagLabLoginPageTest" name="loginWithPerformanceGlitchUser" time="22.078"/>
  <testcase classname="test.SwagLabLoginPageTest" name="loginWithErrorUser" time="12.106"/>
  <testcase classname="test.SwagLabLoginPageTest" name="loginWithVisualUser" time="9.214"/>
</testsuite> <!-- test.SwagLabLoginPageTest -->
