<?xml version="1.0" encoding="UTF-8"?>
<!-- Generated by org.testng.reporters.JUnitReportReporter -->
<testsuite hostname="DESKTOP-14DE18T" failures="0" tests="1" name="test.SwagLabProductSearchTestPage" time="45.493" errors="0" timestamp="2023-11-07T13:40:09 IST" skipped="0">
  <testcase classname="test.SwagLabProductSearchTestPage" name="verifyingProductAddedToCart" time="45.493"/>
</testsuite> <!-- test.SwagLabProductSearchTestPage -->
